This file contains any messages produced by compilers while
running configure, to aid debugging if configure makes a mistake.

It was created by libjpeg-turbo configure 1.5.3, which was
generated by GNU Autoconf 2.69.  Invocation command line was

  $ ./configure --prefix=/home/jason/Desktop/board/tiny4412/driver/lcd/libjpeg-turbo-1.5.3/tmp --host=arm-none-linux-gnueabi

## --------- ##
## Platform. ##
## --------- ##

hostname = ubuntu
uname -m = x86_64
uname -r = 4.4.0-31-generic
uname -s = Linux
uname -v = #50-Ubuntu SMP Wed Jul 13 00:07:12 UTC 2016

/usr/bin/uname -p = unknown
/bin/uname -X     = unknown

/bin/arch              = unknown
/usr/bin/arch -k       = unknown
/usr/convex/getsysinfo = unknown
/usr/bin/hostinfo      = unknown
/bin/machine           = unknown
/usr/bin/oslevel       = unknown
/bin/universe          = unknown

PATH: /home/jason/bin
PATH: /home/jason/.local/bin
PATH: /usr/local/sbin
PATH: /usr/local/bin
PATH: /usr/sbin
PATH: /usr/bin
PATH: /sbin
PATH: /bin
PATH: /usr/games
PATH: /usr/local/games
PATH: /snap/bin
PATH: /home/jason/drivers/qt-everywhere-opensource-src-5.6.0/tmp/bin
PATH: /opt/arm-2014.05/bin


## ----------- ##
## Core tests. ##
## ----------- ##

configure:2666: checking for a BSD-compatible install
configure:2734: result: /usr/bin/install -c
configure:2745: checking whether build environment is sane
configure:2800: result: yes
configure:2859: checking for arm-none-linux-gnueabi-strip
configure:2875: found /opt/arm-2014.05/bin/arm-none-linux-gnueabi-strip
configure:2886: result: arm-none-linux-gnueabi-strip
configure:2951: checking for a thread-safe mkdir -p
configure:2990: result: /bin/mkdir -p
configure:2997: checking for gawk
configure:3013: found /usr/bin/gawk
configure:3024: result: gawk
configure:3035: checking whether make sets $(MAKE)
configure:3057: result: yes
configure:3086: checking whether make supports nested variables
configure:3103: result: yes
configure:3242: checking whether make supports nested variables
configure:3259: result: yes
configure:3286: checking for style of include used by make
configure:3314: result: GNU
configure:3345: checking for arm-none-linux-gnueabi-gcc
configure:3361: found /opt/arm-2014.05/bin/arm-none-linux-gnueabi-gcc
configure:3372: result: arm-none-linux-gnueabi-gcc
configure:3641: checking for C compiler version
configure:3650: arm-none-linux-gnueabi-gcc --version >&5
arm-none-linux-gnueabi-gcc (Sourcery CodeBench Lite 2014.05-29) 4.8.3 20140320 (prerelease)
Copyright (C) 2013 Free Software Foundation, Inc.
This is free software; see the source for copying conditions.  There is NO
warranty; not even for MERCHANTABILITY or FITNESS FOR A PARTICULAR PURPOSE.

configure:3661: $? = 0
configure:3650: arm-none-linux-gnueabi-gcc -v >&5
Using built-in specs.
COLLECT_GCC=arm-none-linux-gnueabi-gcc
COLLECT_LTO_WRAPPER=/opt/arm-2014.05/bin/../libexec/gcc/arm-none-linux-gnueabi/4.8.3/lto-wrapper
Target: arm-none-linux-gnueabi
Configured with: /scratch/maciej/arm-linux-2014.05-rel/src/gcc-4.8-2014.05/configure --build=i686-pc-linux-gnu --host=i686-pc-linux-gnu --target=arm-none-linux-gnueabi --enable-threads --disable-libmudflap --disable-libssp --disable-libstdcxx-pch --enable-extra-sgxxlite-multilibs --with-arch=armv5te --with-gnu-as --with-gnu-ld --with-specs='%{save-temps: -fverbose-asm} %{funwind-tables|fno-unwind-tables|mabi=*|ffreestanding|nostdlib:;:-funwind-tables} -D__CS_SOURCERYGXX_MAJ__=2014 -D__CS_SOURCERYGXX_MIN__=5 -D__CS_SOURCERYGXX_REV__=29' --enable-languages=c,c++ --enable-shared --enable-lto --enable-symvers=gnu --enable-__cxa_atexit --with-pkgversion='Sourcery CodeBench Lite 2014.05-29' --with-bugurl=https://sourcery.mentor.com/GNUToolchain/ --disable-nls --prefix=/opt/codesourcery --with-sysroot=/opt/codesourcery/arm-none-linux-gnueabi/libc --with-build-sysroot=/scratch/maciej/arm-linux-2014.05-rel/install/opt/codesourcery/arm-none-linux-gnueabi/libc --with-gmp=/scratch/maciej/arm-linux-2014.05-rel/obj/pkg-2014.05-29-arm-none-linux-gnueabi/arm-2014.05-29-arm-none-linux-gnueabi.extras/host-libs-i686-pc-linux-gnu/usr --with-mpfr=/scratch/maciej/arm-linux-2014.05-rel/obj/pkg-2014.05-29-arm-none-linux-gnueabi/arm-2014.05-29-arm-none-linux-gnueabi.extras/host-libs-i686-pc-linux-gnu/usr --with-mpc=/scratch/maciej/arm-linux-2014.05-rel/obj/pkg-2014.05-29-arm-none-linux-gnueabi/arm-2014.05-29-arm-none-linux-gnueabi.extras/host-libs-i686-pc-linux-gnu/usr --with-isl=/scratch/maciej/arm-linux-2014.05-rel/obj/pkg-2014.05-29-arm-none-linux-gnueabi/arm-2014.05-29-arm-none-linux-gnueabi.extras/host-libs-i686-pc-linux-gnu/usr --with-cloog=/scratch/maciej/arm-linux-2014.05-rel/obj/pkg-2014.05-29-arm-none-linux-gnueabi/arm-2014.05-29-arm-none-linux-gnueabi.extras/host-libs-i686-pc-linux-gnu/usr --disable-libgomp --disable-libitm --enable-libatomic --disable-libssp --enable-poison-system-directories --with-build-time-tools=/scratch/maciej/arm-linux-2014.05-rel/install/opt/codesourcery/arm-none-linux-gnueabi/bin --with-build-time-tools=/scratch/maciej/arm-linux-2014.05-rel/install/opt/codesourcery/arm-none-linux-gnueabi/bin SED=sed
Thread model: posix
gcc version 4.8.3 20140320 (prerelease) (Sourcery CodeBench Lite 2014.05-29) 
configure:3661: $? = 0
configure:3650: arm-none-linux-gnueabi-gcc -V >&5
arm-none-linux-gnueabi-gcc: error: unrecognized command line option '-V'
arm-none-linux-gnueabi-gcc: fatal error: no input files
compilation terminated.
configure:3661: $? = 1
configure:3650: arm-none-linux-gnueabi-gcc -qversion >&5
arm-none-linux-gnueabi-gcc: error: unrecognized command line option '-qversion'
arm-none-linux-gnueabi-gcc: fatal error: no input files
compilation terminated.
configure:3661: $? = 1
configure:3681: checking whether the C compiler works
configure:3703: arm-none-linux-gnueabi-gcc    conftest.c  >&5
configure:3707: $? = 0
configure:3755: result: yes
configure:3758: checking for C compiler default output file name
configure:3760: result: a.out
configure:3766: checking for suffix of executables
configure:3773: arm-none-linux-gnueabi-gcc -o conftest    conftest.c  >&5
configure:3777: $? = 0
configure:3799: result: 
configure:3821: checking whether we are cross compiling
configure:3829: arm-none-linux-gnueabi-gcc -o conftest    conftest.c  >&5
configure:3833: $? = 0
configure:3840: ./conftest
./configure: line 3842: ./conftest: cannot execute binary file: Exec format error
configure:3844: $? = 126
configure:3859: result: yes
configure:3864: checking for suffix of object files
configure:3886: arm-none-linux-gnueabi-gcc -c   conftest.c >&5
configure:3890: $? = 0
configure:3911: result: o
configure:3915: checking whether we are using the GNU C compiler
configure:3934: arm-none-linux-gnueabi-gcc -c   conftest.c >&5
configure:3934: $? = 0
configure:3943: result: yes
configure:3952: checking whether arm-none-linux-gnueabi-gcc accepts -g
configure:3972: arm-none-linux-gnueabi-gcc -c -g  conftest.c >&5
configure:3972: $? = 0
configure:4013: result: yes
configure:4030: checking for arm-none-linux-gnueabi-gcc option to accept ISO C89
configure:4093: arm-none-linux-gnueabi-gcc  -c -g -O2  conftest.c >&5
configure:4093: $? = 0
configure:4106: result: none needed
configure:4131: checking whether arm-none-linux-gnueabi-gcc understands -c and -o together
configure:4153: arm-none-linux-gnueabi-gcc -c conftest.c -o conftest2.o
configure:4156: $? = 0
configure:4153: arm-none-linux-gnueabi-gcc -c conftest.c -o conftest2.o
configure:4156: $? = 0
configure:4168: result: yes
configure:4187: checking dependency style of arm-none-linux-gnueabi-gcc
configure:4298: result: gcc3
configure:4318: checking how to run the C preprocessor
configure:4349: arm-none-linux-gnueabi-gcc -E  conftest.c
configure:4349: $? = 0
configure:4363: arm-none-linux-gnueabi-gcc -E  conftest.c
conftest.c:11:28: fatal error: ac_nonexistent.h: No such file or directory
 #include <ac_nonexistent.h>
                            ^
compilation terminated.
configure:4363: $? = 1
configure: failed program was:
| /* confdefs.h */
| #define PACKAGE_NAME "libjpeg-turbo"
| #define PACKAGE_TARNAME "libjpeg-turbo"
| #define PACKAGE_VERSION "1.5.3"
| #define PACKAGE_STRING "libjpeg-turbo 1.5.3"
| #define PACKAGE_BUGREPORT ""
| #define PACKAGE_URL ""
| #define PACKAGE "libjpeg-turbo"
| #define VERSION "1.5.3"
| /* end confdefs.h.  */
| #include <ac_nonexistent.h>
configure:4388: result: arm-none-linux-gnueabi-gcc -E
configure:4408: arm-none-linux-gnueabi-gcc -E  conftest.c
configure:4408: $? = 0
configure:4422: arm-none-linux-gnueabi-gcc -E  conftest.c
conftest.c:11:28: fatal error: ac_nonexistent.h: No such file or directory
 #include <ac_nonexistent.h>
                            ^
compilation terminated.
configure:4422: $? = 1
configure: failed program was:
| /* confdefs.h */
| #define PACKAGE_NAME "libjpeg-turbo"
| #define PACKAGE_TARNAME "libjpeg-turbo"
| #define PACKAGE_VERSION "1.5.3"
| #define PACKAGE_STRING "libjpeg-turbo 1.5.3"
| #define PACKAGE_BUGREPORT ""
| #define PACKAGE_URL ""
| #define PACKAGE "libjpeg-turbo"
| #define VERSION "1.5.3"
| /* end confdefs.h.  */
| #include <ac_nonexistent.h>
configure:4458: checking for arm-none-linux-gnueabi-gcc
configure:4485: result: arm-none-linux-gnueabi-gcc
configure:4754: checking for C compiler version
configure:4763: arm-none-linux-gnueabi-gcc --version >&5
arm-none-linux-gnueabi-gcc (Sourcery CodeBench Lite 2014.05-29) 4.8.3 20140320 (prerelease)
Copyright (C) 2013 Free Software Foundation, Inc.
This is free software; see the source for copying conditions.  There is NO
warranty; not even for MERCHANTABILITY or FITNESS FOR A PARTICULAR PURPOSE.

configure:4774: $? = 0
configure:4763: arm-none-linux-gnueabi-gcc -v >&5
Using built-in specs.
COLLECT_GCC=arm-none-linux-gnueabi-gcc
COLLECT_LTO_WRAPPER=/opt/arm-2014.05/bin/../libexec/gcc/arm-none-linux-gnueabi/4.8.3/lto-wrapper
Target: arm-none-linux-gnueabi
Configured with: /scratch/maciej/arm-linux-2014.05-rel/src/gcc-4.8-2014.05/configure --build=i686-pc-linux-gnu --host=i686-pc-linux-gnu --target=arm-none-linux-gnueabi --enable-threads --disable-libmudflap --disable-libssp --disable-libstdcxx-pch --enable-extra-sgxxlite-multilibs --with-arch=armv5te --with-gnu-as --with-gnu-ld --with-specs='%{save-temps: -fverbose-asm} %{funwind-tables|fno-unwind-tables|mabi=*|ffreestanding|nostdlib:;:-funwind-tables} -D__CS_SOURCERYGXX_MAJ__=2014 -D__CS_SOURCERYGXX_MIN__=5 -D__CS_SOURCERYGXX_REV__=29' --enable-languages=c,c++ --enable-shared --enable-lto --enable-symvers=gnu --enable-__cxa_atexit --with-pkgversion='Sourcery CodeBench Lite 2014.05-29' --with-bugurl=https://sourcery.mentor.com/GNUToolchain/ --disable-nls --prefix=/opt/codesourcery --with-sysroot=/opt/codesourcery/arm-none-linux-gnueabi/libc --with-build-sysroot=/scratch/maciej/arm-linux-2014.05-rel/install/opt/codesourcery/arm-none-linux-gnueabi/libc --with-gmp=/scratch/maciej/arm-linux-2014.05-rel/obj/pkg-2014.05-29-arm-none-linux-gnueabi/arm-2014.05-29-arm-none-linux-gnueabi.extras/host-libs-i686-pc-linux-gnu/usr --with-mpfr=/scratch/maciej/arm-linux-2014.05-rel/obj/pkg-2014.05-29-arm-none-linux-gnueabi/arm-2014.05-29-arm-none-linux-gnueabi.extras/host-libs-i686-pc-linux-gnu/usr --with-mpc=/scratch/maciej/arm-linux-2014.05-rel/obj/pkg-2014.05-29-arm-none-linux-gnueabi/arm-2014.05-29-arm-none-linux-gnueabi.extras/host-libs-i686-pc-linux-gnu/usr --with-isl=/scratch/maciej/arm-linux-2014.05-rel/obj/pkg-2014.05-29-arm-none-linux-gnueabi/arm-2014.05-29-arm-none-linux-gnueabi.extras/host-libs-i686-pc-linux-gnu/usr --with-cloog=/scratch/maciej/arm-linux-2014.05-rel/obj/pkg-2014.05-29-arm-none-linux-gnueabi/arm-2014.05-29-arm-none-linux-gnueabi.extras/host-libs-i686-pc-linux-gnu/usr --disable-libgomp --disable-libitm --enable-libatomic --disable-libssp --enable-poison-system-directories --with-build-time-tools=/scratch/maciej/arm-linux-2014.05-rel/install/opt/codesourcery/arm-none-linux-gnueabi/bin --with-build-time-tools=/scratch/maciej/arm-linux-2014.05-rel/install/opt/codesourcery/arm-none-linux-gnueabi/bin SED=sed
Thread model: posix
gcc version 4.8.3 20140320 (prerelease) (Sourcery CodeBench Lite 2014.05-29) 
configure:4774: $? = 0
configure:4763: arm-none-linux-gnueabi-gcc -V >&5
arm-none-linux-gnueabi-gcc: error: unrecognized command line option '-V'
arm-none-linux-gnueabi-gcc: fatal error: no input files
compilation terminated.
configure:4774: $? = 1
configure:4763: arm-none-linux-gnueabi-gcc -qversion >&5
arm-none-linux-gnueabi-gcc: error: unrecognized command line option '-qversion'
arm-none-linux-gnueabi-gcc: fatal error: no input files
compilation terminated.
configure:4774: $? = 1
configure:4778: checking whether we are using the GNU C compiler
configure:4806: result: yes
configure:4815: checking whether arm-none-linux-gnueabi-gcc accepts -g
configure:4876: result: yes
configure:4893: checking for arm-none-linux-gnueabi-gcc option to accept ISO C89
configure:4969: result: none needed
configure:4994: checking whether arm-none-linux-gnueabi-gcc understands -c and -o together
configure:5031: result: yes
configure:5050: checking dependency style of arm-none-linux-gnueabi-gcc
configure:5161: result: gcc3
configure:5182: checking for arm-none-linux-gnueabi-ar
configure:5198: found /opt/arm-2014.05/bin/arm-none-linux-gnueabi-ar
configure:5209: result: arm-none-linux-gnueabi-ar
configure:5279: checking the archiver (arm-none-linux-gnueabi-ar) interface
configure:5295: arm-none-linux-gnueabi-gcc -c -g -O2  conftest.c >&5
configure:5295: $? = 0
configure:5297: arm-none-linux-gnueabi-ar cru libconftest.a conftest.o >&5
configure:5300: $? = 0
configure:5328: result: ar
configure:5357: checking dependency style of arm-none-linux-gnueabi-gcc
configure:5466: result: gcc3
configure:5512: checking build system type
configure:5526: result: x86_64-unknown-linux-gnu
configure:5546: checking host system type
configure:5559: result: arm-none-linux-gnueabi
configure:5600: checking how to print strings
configure:5627: result: printf
configure:5648: checking for a sed that does not truncate output
configure:5712: result: /bin/sed
configure:5730: checking for grep that handles long lines and -e
configure:5788: result: /bin/grep
configure:5793: checking for egrep
configure:5855: result: /bin/grep -E
configure:5860: checking for fgrep
configure:5922: result: /bin/grep -F
configure:5957: checking for ld used by arm-none-linux-gnueabi-gcc
configure:6024: result: /opt/arm-2014.05/arm-none-linux-gnueabi/bin/ld
configure:6031: checking if the linker (/opt/arm-2014.05/arm-none-linux-gnueabi/bin/ld) is GNU ld
configure:6046: result: yes
configure:6058: checking for BSD- or MS-compatible name lister (nm)
configure:6112: result: /opt/arm-2014.05/bin/arm-none-linux-gnueabi-nm -B
configure:6242: checking the name lister (/opt/arm-2014.05/bin/arm-none-linux-gnueabi-nm -B) interface
configure:6249: arm-none-linux-gnueabi-gcc -c -g -O2  conftest.c >&5
configure:6252: /opt/arm-2014.05/bin/arm-none-linux-gnueabi-nm -B "conftest.o"
configure:6255: output
00000000 B some_variable
configure:6262: result: BSD nm
configure:6265: checking whether ln -s works
configure:6269: result: yes
configure:6277: checking the maximum length of command line arguments
configure:6408: result: 1572864
configure:6456: checking how to convert x86_64-unknown-linux-gnu file names to arm-none-linux-gnueabi format
configure:6496: result: func_convert_file_noop
configure:6503: checking how to convert x86_64-unknown-linux-gnu file names to toolchain format
configure:6523: result: func_convert_file_noop
configure:6530: checking for /opt/arm-2014.05/arm-none-linux-gnueabi/bin/ld option to reload object files
configure:6537: result: -r
configure:6571: checking for arm-none-linux-gnueabi-objdump
configure:6587: found /opt/arm-2014.05/bin/arm-none-linux-gnueabi-objdump
configure:6598: result: arm-none-linux-gnueabi-objdump
configure:6670: checking how to recognize dependent libraries
configure:6870: result: pass_all
configure:6915: checking for arm-none-linux-gnueabi-dlltool
configure:6945: result: no
configure:6955: checking for dlltool
configure:6985: result: no
configure:7015: checking how to associate runtime and link libraries
configure:7042: result: printf %s\n
configure:7058: checking for arm-none-linux-gnueabi-ar
configure:7085: result: arm-none-linux-gnueabi-ar
configure:7166: checking for archiver @FILE support
configure:7183: arm-none-linux-gnueabi-gcc -c -g -O2  conftest.c >&5
configure:7183: $? = 0
configure:7186: arm-none-linux-gnueabi-ar cru libconftest.a @conftest.lst >&5
configure:7189: $? = 0
configure:7194: arm-none-linux-gnueabi-ar cru libconftest.a @conftest.lst >&5
arm-none-linux-gnueabi-ar: conftest.o: No such file or directory
configure:7197: $? = 1
configure:7209: result: @
configure:7227: checking for arm-none-linux-gnueabi-strip
configure:7254: result: arm-none-linux-gnueabi-strip
configure:7326: checking for arm-none-linux-gnueabi-ranlib
configure:7342: found /opt/arm-2014.05/bin/arm-none-linux-gnueabi-ranlib
configure:7353: result: arm-none-linux-gnueabi-ranlib
configure:7495: checking command to parse /opt/arm-2014.05/bin/arm-none-linux-gnueabi-nm -B output from arm-none-linux-gnueabi-gcc object
configure:7648: arm-none-linux-gnueabi-gcc -c -g -O2  conftest.c >&5
configure:7651: $? = 0
configure:7655: /opt/arm-2014.05/bin/arm-none-linux-gnueabi-nm -B conftest.o \| sed -n -e 's/^.*[ ]\([ABCDGIRSTW][ABCDGIRSTW]*\)[ ][ ]*\([_A-Za-z][_A-Za-z0-9]*\)$/\1 \2 \2/p' | sed '/ __gnu_lto/d' \> conftest.nm
configure:7658: $? = 0
configure:7724: arm-none-linux-gnueabi-gcc -o conftest -g -O2   conftest.c conftstm.o >&5
configure:7727: $? = 0
configure:7765: result: ok
configure:7812: checking for sysroot
configure:7842: result: no
configure:7849: checking for a working dd
configure:7887: result: /bin/dd
configure:7891: checking how to truncate binary pipes
configure:7906: result: /bin/dd bs=4096 count=1
configure:8195: checking for arm-none-linux-gnueabi-mt
configure:8225: result: no
configure:8235: checking for mt
configure:8251: found /bin/mt
configure:8262: result: mt
configure:8274: WARNING: using cross tools not prefixed with host triplet
configure:8285: checking if mt is a manifest tool
configure:8291: mt '-?'
configure:8299: result: no
configure:8972: checking for ANSI C header files
configure:8992: arm-none-linux-gnueabi-gcc -c -g -O2  conftest.c >&5
configure:8992: $? = 0
configure:9076: result: yes
configure:9089: checking for sys/types.h
configure:9089: arm-none-linux-gnueabi-gcc -c -g -O2  conftest.c >&5
configure:9089: $? = 0
configure:9089: result: yes
configure:9089: checking for sys/stat.h
configure:9089: arm-none-linux-gnueabi-gcc -c -g -O2  conftest.c >&5
configure:9089: $? = 0
configure:9089: result: yes
configure:9089: checking for stdlib.h
configure:9089: arm-none-linux-gnueabi-gcc -c -g -O2  conftest.c >&5
configure:9089: $? = 0
configure:9089: result: yes
configure:9089: checking for string.h
configure:9089: arm-none-linux-gnueabi-gcc -c -g -O2  conftest.c >&5
configure:9089: $? = 0
configure:9089: result: yes
configure:9089: checking for memory.h
configure:9089: arm-none-linux-gnueabi-gcc -c -g -O2  conftest.c >&5
configure:9089: $? = 0
configure:9089: result: yes
configure:9089: checking for strings.h
configure:9089: arm-none-linux-gnueabi-gcc -c -g -O2  conftest.c >&5
configure:9089: $? = 0
configure:9089: result: yes
configure:9089: checking for inttypes.h
configure:9089: arm-none-linux-gnueabi-gcc -c -g -O2  conftest.c >&5
configure:9089: $? = 0
configure:9089: result: yes
configure:9089: checking for stdint.h
configure:9089: arm-none-linux-gnueabi-gcc -c -g -O2  conftest.c >&5
configure:9089: $? = 0
configure:9089: result: yes
configure:9089: checking for unistd.h
configure:9089: arm-none-linux-gnueabi-gcc -c -g -O2  conftest.c >&5
configure:9089: $? = 0
configure:9089: result: yes
configure:9103: checking for dlfcn.h
configure:9103: arm-none-linux-gnueabi-gcc -c -g -O2  conftest.c >&5
configure:9103: $? = 0
configure:9103: result: yes
configure:9359: checking for objdir
configure:9374: result: .libs
configure:9634: checking if arm-none-linux-gnueabi-gcc supports -fno-rtti -fno-exceptions
configure:9652: arm-none-linux-gnueabi-gcc -c -g -O2  -fno-rtti -fno-exceptions conftest.c >&5
cc1: warning: command line option '-fno-rtti' is valid for C++/ObjC++ but not for C [enabled by default]
configure:9656: $? = 0
configure:9669: result: no
configure:10027: checking for arm-none-linux-gnueabi-gcc option to produce PIC
configure:10034: result: -fPIC -DPIC
configure:10042: checking if arm-none-linux-gnueabi-gcc PIC flag -fPIC -DPIC works
configure:10060: arm-none-linux-gnueabi-gcc -c -g -O2  -fPIC -DPIC -DPIC conftest.c >&5
configure:10064: $? = 0
configure:10077: result: yes
configure:10106: checking if arm-none-linux-gnueabi-gcc static flag -static works
configure:10134: result: yes
configure:10149: checking if arm-none-linux-gnueabi-gcc supports -c -o file.o
configure:10170: arm-none-linux-gnueabi-gcc -c -g -O2  -o out/conftest2.o conftest.c >&5
configure:10174: $? = 0
configure:10196: result: yes
configure:10204: checking if arm-none-linux-gnueabi-gcc supports -c -o file.o
configure:10251: result: yes
configure:10284: checking whether the arm-none-linux-gnueabi-gcc linker (/opt/arm-2014.05/arm-none-linux-gnueabi/bin/ld) supports shared libraries
configure:11543: result: yes
configure:11580: checking whether -lc should be explicitly linked in
configure:11588: arm-none-linux-gnueabi-gcc -c -g -O2  conftest.c >&5
configure:11591: $? = 0
configure:11606: arm-none-linux-gnueabi-gcc -shared  -fPIC -DPIC conftest.o  -v -Wl,-soname -Wl,conftest -o conftest 2\>\&1 \| /bin/grep  -lc  \>/dev/null 2\>\&1
configure:11609: $? = 0
configure:11623: result: no
configure:11783: checking dynamic linker characteristics
configure:12364: arm-none-linux-gnueabi-gcc -o conftest -g -O2   -Wl,-rpath -Wl,/foo conftest.c  >&5
configure:12364: $? = 0
configure:12601: result: GNU/Linux ld.so
configure:12723: checking how to hardcode library paths into programs
configure:12748: result: immediate
configure:13296: checking whether stripping libraries is possible
configure:13301: result: yes
configure:13336: checking if libtool supports shared libraries
configure:13338: result: yes
configure:13341: checking whether to build shared libraries
configure:13366: result: yes
configure:13369: checking whether to build static libraries
configure:13373: result: yes
configure:13410: checking whether ln -s works
configure:13414: result: yes
configure:13465: checking size of size_t
configure:13470: arm-none-linux-gnueabi-gcc -c -g -O2  conftest.c >&5
configure:13470: $? = 0
configure:13470: arm-none-linux-gnueabi-gcc -c -g -O2  conftest.c >&5
conftest.c: In function 'main':
conftest.c:59:12: error: size of array 'test_array' is negative
 static int test_array [1 - 2 * !(((long int) (sizeof (size_t))) <= 0)];
            ^
configure:13470: $? = 1
configure: failed program was:
| /* confdefs.h */
| #define PACKAGE_NAME "libjpeg-turbo"
| #define PACKAGE_TARNAME "libjpeg-turbo"
| #define PACKAGE_VERSION "1.5.3"
| #define PACKAGE_STRING "libjpeg-turbo 1.5.3"
| #define PACKAGE_BUGREPORT ""
| #define PACKAGE_URL ""
| #define PACKAGE "libjpeg-turbo"
| #define VERSION "1.5.3"
| #define STDC_HEADERS 1
| #define HAVE_SYS_TYPES_H 1
| #define HAVE_SYS_STAT_H 1
| #define HAVE_STDLIB_H 1
| #define HAVE_STRING_H 1
| #define HAVE_MEMORY_H 1
| #define HAVE_STRINGS_H 1
| #define HAVE_INTTYPES_H 1
| #define HAVE_STDINT_H 1
| #define HAVE_UNISTD_H 1
| #define HAVE_DLFCN_H 1
| #define LT_OBJDIR ".libs/"
| /* end confdefs.h.  */
| #include <stdio.h>
| #ifdef HAVE_SYS_TYPES_H
| # include <sys/types.h>
| #endif
| #ifdef HAVE_SYS_STAT_H
| # include <sys/stat.h>
| #endif
| #ifdef STDC_HEADERS
| # include <stdlib.h>
| # include <stddef.h>
| #else
| # ifdef HAVE_STDLIB_H
| #  include <stdlib.h>
| # endif
| #endif
| #ifdef HAVE_STRING_H
| # if !defined STDC_HEADERS && defined HAVE_MEMORY_H
| #  include <memory.h>
| # endif
| # include <string.h>
| #endif
| #ifdef HAVE_STRINGS_H
| # include <strings.h>
| #endif
| #ifdef HAVE_INTTYPES_H
| # include <inttypes.h>
| #endif
| #ifdef HAVE_STDINT_H
| # include <stdint.h>
| #endif
| #ifdef HAVE_UNISTD_H
| # include <unistd.h>
| #endif
| int
| main ()
| {
| static int test_array [1 - 2 * !(((long int) (sizeof (size_t))) <= 0)];
| test_array [0] = 0;
| return test_array [0];
| 
|   ;
|   return 0;
| }
configure:13470: arm-none-linux-gnueabi-gcc -c -g -O2  conftest.c >&5
conftest.c: In function 'main':
conftest.c:59:12: error: size of array 'test_array' is negative
 static int test_array [1 - 2 * !(((long int) (sizeof (size_t))) <= 1)];
            ^
configure:13470: $? = 1
configure: failed program was:
| /* confdefs.h */
| #define PACKAGE_NAME "libjpeg-turbo"
| #define PACKAGE_TARNAME "libjpeg-turbo"
| #define PACKAGE_VERSION "1.5.3"
| #define PACKAGE_STRING "libjpeg-turbo 1.5.3"
| #define PACKAGE_BUGREPORT ""
| #define PACKAGE_URL ""
| #define PACKAGE "libjpeg-turbo"
| #define VERSION "1.5.3"
| #define STDC_HEADERS 1
| #define HAVE_SYS_TYPES_H 1
| #define HAVE_SYS_STAT_H 1
| #define HAVE_STDLIB_H 1
| #define HAVE_STRING_H 1
| #define HAVE_MEMORY_H 1
| #define HAVE_STRINGS_H 1
| #define HAVE_INTTYPES_H 1
| #define HAVE_STDINT_H 1
| #define HAVE_UNISTD_H 1
| #define HAVE_DLFCN_H 1
| #define LT_OBJDIR ".libs/"
| /* end confdefs.h.  */
| #include <stdio.h>
| #ifdef HAVE_SYS_TYPES_H
| # include <sys/types.h>
| #endif
| #ifdef HAVE_SYS_STAT_H
| # include <sys/stat.h>
| #endif
| #ifdef STDC_HEADERS
| # include <stdlib.h>
| # include <stddef.h>
| #else
| # ifdef HAVE_STDLIB_H
| #  include <stdlib.h>
| # endif
| #endif
| #ifdef HAVE_STRING_H
| # if !defined STDC_HEADERS && defined HAVE_MEMORY_H
| #  include <memory.h>
| # endif
| # include <string.h>
| #endif
| #ifdef HAVE_STRINGS_H
| # include <strings.h>
| #endif
| #ifdef HAVE_INTTYPES_H
| # include <inttypes.h>
| #endif
| #ifdef HAVE_STDINT_H
| # include <stdint.h>
| #endif
| #ifdef HAVE_UNISTD_H
| # include <unistd.h>
| #endif
| int
| main ()
| {
| static int test_array [1 - 2 * !(((long int) (sizeof (size_t))) <= 1)];
| test_array [0] = 0;
| return test_array [0];
| 
|   ;
|   return 0;
| }
configure:13470: arm-none-linux-gnueabi-gcc -c -g -O2  conftest.c >&5
conftest.c: In function 'main':
conftest.c:59:12: error: size of array 'test_array' is negative
 static int test_array [1 - 2 * !(((long int) (sizeof (size_t))) <= 3)];
            ^
configure:13470: $? = 1
configure: failed program was:
| /* confdefs.h */
| #define PACKAGE_NAME "libjpeg-turbo"
| #define PACKAGE_TARNAME "libjpeg-turbo"
| #define PACKAGE_VERSION "1.5.3"
| #define PACKAGE_STRING "libjpeg-turbo 1.5.3"
| #define PACKAGE_BUGREPORT ""
| #define PACKAGE_URL ""
| #define PACKAGE "libjpeg-turbo"
| #define VERSION "1.5.3"
| #define STDC_HEADERS 1
| #define HAVE_SYS_TYPES_H 1
| #define HAVE_SYS_STAT_H 1
| #define HAVE_STDLIB_H 1
| #define HAVE_STRING_H 1
| #define HAVE_MEMORY_H 1
| #define HAVE_STRINGS_H 1
| #define HAVE_INTTYPES_H 1
| #define HAVE_STDINT_H 1
| #define HAVE_UNISTD_H 1
| #define HAVE_DLFCN_H 1
| #define LT_OBJDIR ".libs/"
| /* end confdefs.h.  */
| #include <stdio.h>
| #ifdef HAVE_SYS_TYPES_H
| # include <sys/types.h>
| #endif
| #ifdef HAVE_SYS_STAT_H
| # include <sys/stat.h>
| #endif
| #ifdef STDC_HEADERS
| # include <stdlib.h>
| # include <stddef.h>
| #else
| # ifdef HAVE_STDLIB_H
| #  include <stdlib.h>
| # endif
| #endif
| #ifdef HAVE_STRING_H
| # if !defined STDC_HEADERS && defined HAVE_MEMORY_H
| #  include <memory.h>
| # endif
| # include <string.h>
| #endif
| #ifdef HAVE_STRINGS_H
| # include <strings.h>
| #endif
| #ifdef HAVE_INTTYPES_H
| # include <inttypes.h>
| #endif
| #ifdef HAVE_STDINT_H
| # include <stdint.h>
| #endif
| #ifdef HAVE_UNISTD_H
| # include <unistd.h>
| #endif
| int
| main ()
| {
| static int test_array [1 - 2 * !(((long int) (sizeof (size_t))) <= 3)];
| test_array [0] = 0;
| return test_array [0];
| 
|   ;
|   return 0;
| }
configure:13470: arm-none-linux-gnueabi-gcc -c -g -O2  conftest.c >&5
configure:13470: $? = 0
configure:13470: arm-none-linux-gnueabi-gcc -c -g -O2  conftest.c >&5
configure:13470: $? = 0
configure:13470: arm-none-linux-gnueabi-gcc -c -g -O2  conftest.c >&5
configure:13470: $? = 0
configure:13484: result: 4
configure:13516: checking whether compiler supports pointers to undefined structures
configure:13529: arm-none-linux-gnueabi-gcc -c -g -O2  conftest.c >&5
configure:13529: $? = 0
configure:13530: result: yes
configure:13550: checking whether __SUNPRO_C is declared
configure:13550: arm-none-linux-gnueabi-gcc -c -O3 -Wall conftest.c >&5
conftest.c: In function 'main':
conftest.c:64:10: error: '__SUNPRO_C' undeclared (first use in this function)
   (void) __SUNPRO_C;
          ^
conftest.c:64:10: note: each undeclared identifier is reported only once for each function it appears in
configure:13550: $? = 1
configure: failed program was:
| /* confdefs.h */
| #define PACKAGE_NAME "libjpeg-turbo"
| #define PACKAGE_TARNAME "libjpeg-turbo"
| #define PACKAGE_VERSION "1.5.3"
| #define PACKAGE_STRING "libjpeg-turbo 1.5.3"
| #define PACKAGE_BUGREPORT ""
| #define PACKAGE_URL ""
| #define PACKAGE "libjpeg-turbo"
| #define VERSION "1.5.3"
| #define STDC_HEADERS 1
| #define HAVE_SYS_TYPES_H 1
| #define HAVE_SYS_STAT_H 1
| #define HAVE_STDLIB_H 1
| #define HAVE_STRING_H 1
| #define HAVE_MEMORY_H 1
| #define HAVE_STRINGS_H 1
| #define HAVE_INTTYPES_H 1
| #define HAVE_STDINT_H 1
| #define HAVE_UNISTD_H 1
| #define HAVE_DLFCN_H 1
| #define LT_OBJDIR ".libs/"
| #define SIZEOF_SIZE_T 4
| /* end confdefs.h.  */
| #include <stdio.h>
| #ifdef HAVE_SYS_TYPES_H
| # include <sys/types.h>
| #endif
| #ifdef HAVE_SYS_STAT_H
| # include <sys/stat.h>
| #endif
| #ifdef STDC_HEADERS
| # include <stdlib.h>
| # include <stddef.h>
| #else
| # ifdef HAVE_STDLIB_H
| #  include <stdlib.h>
| # endif
| #endif
| #ifdef HAVE_STRING_H
| # if !defined STDC_HEADERS && defined HAVE_MEMORY_H
| #  include <memory.h>
| # endif
| # include <string.h>
| #endif
| #ifdef HAVE_STRINGS_H
| # include <strings.h>
| #endif
| #ifdef HAVE_INTTYPES_H
| # include <inttypes.h>
| #endif
| #ifdef HAVE_STDINT_H
| # include <stdint.h>
| #endif
| #ifdef HAVE_UNISTD_H
| # include <unistd.h>
| #endif
| int
| main ()
| {
| #ifndef __SUNPRO_C
| #ifdef __cplusplus
|   (void) __SUNPRO_C;
| #else
|   (void) __SUNPRO_C;
| #endif
| #endif
| 
|   ;
|   return 0;
| }
configure:13550: result: no
configure:13566: checking for ANSI C header files
configure:13670: result: yes
configure:13681: checking stddef.h usability
configure:13681: arm-none-linux-gnueabi-gcc -c -O3 -Wall conftest.c >&5
configure:13681: $? = 0
configure:13681: result: yes
configure:13681: checking stddef.h presence
configure:13681: arm-none-linux-gnueabi-gcc -E -Wall conftest.c
configure:13681: $? = 0
configure:13681: result: yes
configure:13681: checking for stddef.h
configure:13681: result: yes
configure:13681: checking for stdlib.h
configure:13681: result: yes
configure:13681: checking locale.h usability
configure:13681: arm-none-linux-gnueabi-gcc -c -O3 -Wall conftest.c >&5
configure:13681: $? = 0
configure:13681: result: yes
configure:13681: checking locale.h presence
configure:13681: arm-none-linux-gnueabi-gcc -E -Wall conftest.c
configure:13681: $? = 0
configure:13681: result: yes
configure:13681: checking for locale.h
configure:13681: result: yes
configure:13681: checking for string.h
configure:13681: result: yes
configure:13691: checking for sys/types.h
configure:13691: result: yes
configure:13701: checking for an ANSI C-conforming const
configure:13767: arm-none-linux-gnueabi-gcc -c -O3 -Wall conftest.c >&5
configure:13767: $? = 0
configure:13774: result: yes
configure:13782: checking whether char is unsigned
configure:13801: arm-none-linux-gnueabi-gcc -c -O3 -Wall conftest.c >&5
conftest.c: In function 'main':
conftest.c:66:12: error: size of array 'test_array' is negative
 static int test_array [1 - 2 * !(((char) -1) < 0)];
            ^
configure:13801: $? = 1
configure: failed program was:
| /* confdefs.h */
| #define PACKAGE_NAME "libjpeg-turbo"
| #define PACKAGE_TARNAME "libjpeg-turbo"
| #define PACKAGE_VERSION "1.5.3"
| #define PACKAGE_STRING "libjpeg-turbo 1.5.3"
| #define PACKAGE_BUGREPORT ""
| #define PACKAGE_URL ""
| #define PACKAGE "libjpeg-turbo"
| #define VERSION "1.5.3"
| #define STDC_HEADERS 1
| #define HAVE_SYS_TYPES_H 1
| #define HAVE_SYS_STAT_H 1
| #define HAVE_STDLIB_H 1
| #define HAVE_STRING_H 1
| #define HAVE_MEMORY_H 1
| #define HAVE_STRINGS_H 1
| #define HAVE_INTTYPES_H 1
| #define HAVE_STDINT_H 1
| #define HAVE_UNISTD_H 1
| #define HAVE_DLFCN_H 1
| #define LT_OBJDIR ".libs/"
| #define SIZEOF_SIZE_T 4
| #define STDC_HEADERS 1
| #define HAVE_STDDEF_H 1
| #define HAVE_STDLIB_H 1
| #define HAVE_LOCALE_H 1
| #define HAVE_STRING_H 1
| #define NEED_SYS_TYPES_H 1
| /* end confdefs.h.  */
| #include <stdio.h>
| #ifdef HAVE_SYS_TYPES_H
| # include <sys/types.h>
| #endif
| #ifdef HAVE_SYS_STAT_H
| # include <sys/stat.h>
| #endif
| #ifdef STDC_HEADERS
| # include <stdlib.h>
| # include <stddef.h>
| #else
| # ifdef HAVE_STDLIB_H
| #  include <stdlib.h>
| # endif
| #endif
| #ifdef HAVE_STRING_H
| # if !defined STDC_HEADERS && defined HAVE_MEMORY_H
| #  include <memory.h>
| # endif
| # include <string.h>
| #endif
| #ifdef HAVE_STRINGS_H
| # include <strings.h>
| #endif
| #ifdef HAVE_INTTYPES_H
| # include <inttypes.h>
| #endif
| #ifdef HAVE_STDINT_H
| # include <stdint.h>
| #endif
| #ifdef HAVE_UNISTD_H
| # include <unistd.h>
| #endif
| int
| main ()
| {
| static int test_array [1 - 2 * !(((char) -1) < 0)];
| test_array [0] = 0;
| return test_array [0];
| 
|   ;
|   return 0;
| }
configure:13808: result: yes
configure:13815: checking for inline
configure:13831: arm-none-linux-gnueabi-gcc -c -O3 -Wall conftest.c >&5
configure:13831: $? = 0
configure:13839: result: inline
configure:13857: checking for size_t
configure:13857: arm-none-linux-gnueabi-gcc -c -O3 -Wall conftest.c >&5
configure:13857: $? = 0
configure:13857: arm-none-linux-gnueabi-gcc -c -O3 -Wall conftest.c >&5
conftest.c: In function 'main':
conftest.c:66:21: error: expected expression before ')' token
 if (sizeof ((size_t)))
                     ^
configure:13857: $? = 1
configure: failed program was:
| /* confdefs.h */
| #define PACKAGE_NAME "libjpeg-turbo"
| #define PACKAGE_TARNAME "libjpeg-turbo"
| #define PACKAGE_VERSION "1.5.3"
| #define PACKAGE_STRING "libjpeg-turbo 1.5.3"
| #define PACKAGE_BUGREPORT ""
| #define PACKAGE_URL ""
| #define PACKAGE "libjpeg-turbo"
| #define VERSION "1.5.3"
| #define STDC_HEADERS 1
| #define HAVE_SYS_TYPES_H 1
| #define HAVE_SYS_STAT_H 1
| #define HAVE_STDLIB_H 1
| #define HAVE_STRING_H 1
| #define HAVE_MEMORY_H 1
| #define HAVE_STRINGS_H 1
| #define HAVE_INTTYPES_H 1
| #define HAVE_STDINT_H 1
| #define HAVE_UNISTD_H 1
| #define HAVE_DLFCN_H 1
| #define LT_OBJDIR ".libs/"
| #define SIZEOF_SIZE_T 4
| #define STDC_HEADERS 1
| #define HAVE_STDDEF_H 1
| #define HAVE_STDLIB_H 1
| #define HAVE_LOCALE_H 1
| #define HAVE_STRING_H 1
| #define NEED_SYS_TYPES_H 1
| /* end confdefs.h.  */
| #include <stdio.h>
| #ifdef HAVE_SYS_TYPES_H
| # include <sys/types.h>
| #endif
| #ifdef HAVE_SYS_STAT_H
| # include <sys/stat.h>
| #endif
| #ifdef STDC_HEADERS
| # include <stdlib.h>
| # include <stddef.h>
| #else
| # ifdef HAVE_STDLIB_H
| #  include <stdlib.h>
| # endif
| #endif
| #ifdef HAVE_STRING_H
| # if !defined STDC_HEADERS && defined HAVE_MEMORY_H
| #  include <memory.h>
| # endif
| # include <string.h>
| #endif
| #ifdef HAVE_STRINGS_H
| # include <strings.h>
| #endif
| #ifdef HAVE_INTTYPES_H
| # include <inttypes.h>
| #endif
| #ifdef HAVE_STDINT_H
| # include <stdint.h>
| #endif
| #ifdef HAVE_UNISTD_H
| # include <unistd.h>
| #endif
| int
| main ()
| {
| if (sizeof ((size_t)))
| 	    return 0;
|   ;
|   return 0;
| }
configure:13857: result: yes
configure:13868: checking for unsigned char
configure:13868: arm-none-linux-gnueabi-gcc -c -O3 -Wall conftest.c >&5
configure:13868: $? = 0
configure:13868: arm-none-linux-gnueabi-gcc -c -O3 -Wall conftest.c >&5
conftest.c: In function 'main':
conftest.c:66:28: error: expected expression before ')' token
 if (sizeof ((unsigned char)))
                            ^
configure:13868: $? = 1
configure: failed program was:
| /* confdefs.h */
| #define PACKAGE_NAME "libjpeg-turbo"
| #define PACKAGE_TARNAME "libjpeg-turbo"
| #define PACKAGE_VERSION "1.5.3"
| #define PACKAGE_STRING "libjpeg-turbo 1.5.3"
| #define PACKAGE_BUGREPORT ""
| #define PACKAGE_URL ""
| #define PACKAGE "libjpeg-turbo"
| #define VERSION "1.5.3"
| #define STDC_HEADERS 1
| #define HAVE_SYS_TYPES_H 1
| #define HAVE_SYS_STAT_H 1
| #define HAVE_STDLIB_H 1
| #define HAVE_STRING_H 1
| #define HAVE_MEMORY_H 1
| #define HAVE_STRINGS_H 1
| #define HAVE_INTTYPES_H 1
| #define HAVE_STDINT_H 1
| #define HAVE_UNISTD_H 1
| #define HAVE_DLFCN_H 1
| #define LT_OBJDIR ".libs/"
| #define SIZEOF_SIZE_T 4
| #define STDC_HEADERS 1
| #define HAVE_STDDEF_H 1
| #define HAVE_STDLIB_H 1
| #define HAVE_LOCALE_H 1
| #define HAVE_STRING_H 1
| #define NEED_SYS_TYPES_H 1
| /* end confdefs.h.  */
| #include <stdio.h>
| #ifdef HAVE_SYS_TYPES_H
| # include <sys/types.h>
| #endif
| #ifdef HAVE_SYS_STAT_H
| # include <sys/stat.h>
| #endif
| #ifdef STDC_HEADERS
| # include <stdlib.h>
| # include <stddef.h>
| #else
| # ifdef HAVE_STDLIB_H
| #  include <stdlib.h>
| # endif
| #endif
| #ifdef HAVE_STRING_H
| # if !defined STDC_HEADERS && defined HAVE_MEMORY_H
| #  include <memory.h>
| # endif
| # include <string.h>
| #endif
| #ifdef HAVE_STRINGS_H
| # include <strings.h>
| #endif
| #ifdef HAVE_INTTYPES_H
| # include <inttypes.h>
| #endif
| #ifdef HAVE_STDINT_H
| # include <stdint.h>
| #endif
| #ifdef HAVE_UNISTD_H
| # include <unistd.h>
| #endif
| int
| main ()
| {
| if (sizeof ((unsigned char)))
| 	    return 0;
|   ;
|   return 0;
| }
configure:13868: result: yes
configure:13877: checking for unsigned short
configure:13877: arm-none-linux-gnueabi-gcc -c -O3 -Wall conftest.c >&5
configure:13877: $? = 0
configure:13877: arm-none-linux-gnueabi-gcc -c -O3 -Wall conftest.c >&5
conftest.c: In function 'main':
conftest.c:67:29: error: expected expression before ')' token
 if (sizeof ((unsigned short)))
                             ^
configure:13877: $? = 1
configure: failed program was:
| /* confdefs.h */
| #define PACKAGE_NAME "libjpeg-turbo"
| #define PACKAGE_TARNAME "libjpeg-turbo"
| #define PACKAGE_VERSION "1.5.3"
| #define PACKAGE_STRING "libjpeg-turbo 1.5.3"
| #define PACKAGE_BUGREPORT ""
| #define PACKAGE_URL ""
| #define PACKAGE "libjpeg-turbo"
| #define VERSION "1.5.3"
| #define STDC_HEADERS 1
| #define HAVE_SYS_TYPES_H 1
| #define HAVE_SYS_STAT_H 1
| #define HAVE_STDLIB_H 1
| #define HAVE_STRING_H 1
| #define HAVE_MEMORY_H 1
| #define HAVE_STRINGS_H 1
| #define HAVE_INTTYPES_H 1
| #define HAVE_STDINT_H 1
| #define HAVE_UNISTD_H 1
| #define HAVE_DLFCN_H 1
| #define LT_OBJDIR ".libs/"
| #define SIZEOF_SIZE_T 4
| #define STDC_HEADERS 1
| #define HAVE_STDDEF_H 1
| #define HAVE_STDLIB_H 1
| #define HAVE_LOCALE_H 1
| #define HAVE_STRING_H 1
| #define NEED_SYS_TYPES_H 1
| #define HAVE_UNSIGNED_CHAR 1
| /* end confdefs.h.  */
| #include <stdio.h>
| #ifdef HAVE_SYS_TYPES_H
| # include <sys/types.h>
| #endif
| #ifdef HAVE_SYS_STAT_H
| # include <sys/stat.h>
| #endif
| #ifdef STDC_HEADERS
| # include <stdlib.h>
| # include <stddef.h>
| #else
| # ifdef HAVE_STDLIB_H
| #  include <stdlib.h>
| # endif
| #endif
| #ifdef HAVE_STRING_H
| # if !defined STDC_HEADERS && defined HAVE_MEMORY_H
| #  include <memory.h>
| # endif
| # include <string.h>
| #endif
| #ifdef HAVE_STRINGS_H
| # include <strings.h>
| #endif
| #ifdef HAVE_INTTYPES_H
| # include <inttypes.h>
| #endif
| #ifdef HAVE_STDINT_H
| # include <stdint.h>
| #endif
| #ifdef HAVE_UNISTD_H
| # include <unistd.h>
| #endif
| int
| main ()
| {
| if (sizeof ((unsigned short)))
| 	    return 0;
|   ;
|   return 0;
| }
configure:13877: result: yes
configure:13888: checking if right shift is signed
configure:13891: result: Assuming that right shift is signed on target machine.
configure:13936: checking for memset
configure:13936: arm-none-linux-gnueabi-gcc -o conftest -O3 -Wall  conftest.c  >&5
conftest.c:55:6: warning: conflicting types for built-in function 'memset' [enabled by default]
 char memset ();
      ^
configure:13936: $? = 0
configure:13936: result: yes
configure:13936: checking for memcpy
configure:13936: arm-none-linux-gnueabi-gcc -o conftest -O3 -Wall  conftest.c  >&5
conftest.c:56:6: warning: conflicting types for built-in function 'memcpy' [enabled by default]
 char memcpy ();
      ^
configure:13936: $? = 0
configure:13936: result: yes
configure:13950: checking libjpeg API version
configure:13978: result: 6.2
configure:14007: checking whether to include in-memory source/destination managers
configure:14016: result: yes
configure:14030: checking libjpeg shared library version
configure:14032: result: 62.2.0
configure:14068: checking whether the linker supports version scripts
configure:14088: arm-none-linux-gnueabi-gcc -o conftest -O3 -Wall  -Wl,--version-script,conftest.map conftest.c  >&5
configure:14088: $? = 0
configure:14090: result: yes (GNU style)
configure:14123: checking whether to use version script when building libjpeg-turbo
configure:14125: result: yes
configure:14139: checking for inline
configure:14154: arm-none-linux-gnueabi-gcc -c -O3 -Wall conftest.c >&5
conftest.c: In function 'main':
conftest.c:42:1: warning: control reaches end of non-void function [-Wreturn-type]
 } inline __attribute__((always_inline)) int foo() { return 0; }
 ^
configure:14154: $? = 0
configure:14209: result: inline __attribute__((always_inline))
configure:14218: checking whether to include arithmetic encoding support
configure:14240: result: yes
configure:14252: checking whether to include arithmetic decoding support
configure:14274: result: yes
configure:14296: checking whether to use 12-bit samples
configure:14311: result: no
configure:14324: checking whether to build TurboJPEG C wrapper
configure:14340: result: yes
configure:14365: checking whether to build TurboJPEG Java wrapper
configure:14421: result: no
configure:14471: checking if we have SIMD optimisations for cpu type
configure:14877: result: yes (arm)
configure:14879: checking if the assembler is GNU-compatible and can be used
configure:14898: arm-none-linux-gnueabi-gcc -c -g -O2 -x assembler-with-cpp -Wall conftest.c >&5
configure:14898: $? = 0
configure:14936: result: yes
configure:15433: checking that generated files are newer than configure
configure:15439: result: done
configure:15538: creating ./config.status

## ---------------------- ##
## Running config.status. ##
## ---------------------- ##

This file was extended by libjpeg-turbo config.status 1.5.3, which was
generated by GNU Autoconf 2.69.  Invocation command line was

  CONFIG_FILES    = 
  CONFIG_HEADERS  = 
  CONFIG_LINKS    = 
  CONFIG_COMMANDS = 
  $ ./config.status 

on ubuntu

config.status:1181: creating pkgscripts/libjpeg-turbo.spec.tmpl
config.status:1181: creating pkgscripts/makecygwinpkg.tmpl
config.status:1181: creating pkgscripts/makedpkg.tmpl
config.status:1181: creating pkgscripts/makemacpkg.tmpl
config.status:1181: creating pkgscripts/uninstall.tmpl
config.status:1181: creating pkgscripts/libjpeg.pc
config.status:1181: creating pkgscripts/libturbojpeg.pc
config.status:1181: creating tjbenchtest
config.status:1181: creating libjpeg.map
config.status:1181: creating Makefile
config.status:1181: creating simd/Makefile
config.status:1181: creating java/Makefile
config.status:1181: creating md5/Makefile
config.status:1181: creating config.h
config.status:1181: creating jconfig.h
config.status:1181: creating jconfigint.h
config.status:1410: executing depfiles commands
config.status:1410: executing libtool commands

## ---------------- ##
## Cache variables. ##
## ---------------- ##

ac_cv_build=x86_64-unknown-linux-gnu
ac_cv_c_char_unsigned=yes
ac_cv_c_compiler_gnu=yes
ac_cv_c_const=yes
ac_cv_c_inline=inline
ac_cv_env_CCASFLAGS_set=
ac_cv_env_CCASFLAGS_value=
ac_cv_env_CCAS_set=
ac_cv_env_CCAS_value=
ac_cv_env_CC_set=
ac_cv_env_CC_value=
ac_cv_env_CFLAGS_set=
ac_cv_env_CFLAGS_value=
ac_cv_env_CPPFLAGS_set=
ac_cv_env_CPPFLAGS_value=
ac_cv_env_CPP_set=
ac_cv_env_CPP_value=
ac_cv_env_JAR_set=
ac_cv_env_JAR_value=
ac_cv_env_JAVACFLAGS_set=
ac_cv_env_JAVACFLAGS_value=
ac_cv_env_JAVAC_set=
ac_cv_env_JAVAC_value=
ac_cv_env_JAVA_set=
ac_cv_env_JAVA_value=
ac_cv_env_JNI_CFLAGS_set=
ac_cv_env_JNI_CFLAGS_value=
ac_cv_env_JPEG_LIB_VERSION_set=
ac_cv_env_JPEG_LIB_VERSION_value=
ac_cv_env_LDFLAGS_set=
ac_cv_env_LDFLAGS_value=
ac_cv_env_LIBS_set=
ac_cv_env_LIBS_value=
ac_cv_env_LT_SYS_LIBRARY_PATH_set=
ac_cv_env_LT_SYS_LIBRARY_PATH_value=
ac_cv_env_NASM_set=
ac_cv_env_NASM_value=
ac_cv_env_PKGNAME_set=
ac_cv_env_PKGNAME_value=
ac_cv_env_SO_MAJOR_VERSION_set=
ac_cv_env_SO_MAJOR_VERSION_value=
ac_cv_env_SO_MINOR_VERSION_set=
ac_cv_env_SO_MINOR_VERSION_value=
ac_cv_env_build_alias_set=
ac_cv_env_build_alias_value=
ac_cv_env_host_alias_set=set
ac_cv_env_host_alias_value=arm-none-linux-gnueabi
ac_cv_env_target_alias_set=
ac_cv_env_target_alias_value=
ac_cv_func_memcpy=yes
ac_cv_func_memset=yes
ac_cv_have_decl___SUNPRO_C=no
ac_cv_header_dlfcn_h=yes
ac_cv_header_inttypes_h=yes
ac_cv_header_locale_h=yes
ac_cv_header_memory_h=yes
ac_cv_header_stdc=yes
ac_cv_header_stddef_h=yes
ac_cv_header_stdint_h=yes
ac_cv_header_stdlib_h=yes
ac_cv_header_string_h=yes
ac_cv_header_strings_h=yes
ac_cv_header_sys_stat_h=yes
ac_cv_header_sys_types_h=yes
ac_cv_header_unistd_h=yes
ac_cv_host=arm-none-linux-gnueabi
ac_cv_objext=o
ac_cv_path_EGREP='/bin/grep -E'
ac_cv_path_FGREP='/bin/grep -F'
ac_cv_path_GREP=/bin/grep
ac_cv_path_SED=/bin/sed
ac_cv_path_install='/usr/bin/install -c'
ac_cv_path_lt_DD=/bin/dd
ac_cv_path_mkdir=/bin/mkdir
ac_cv_prog_AR=arm-none-linux-gnueabi-ar
ac_cv_prog_AWK=gawk
ac_cv_prog_CC=arm-none-linux-gnueabi-gcc
ac_cv_prog_CPP='arm-none-linux-gnueabi-gcc -E'
ac_cv_prog_OBJDUMP=arm-none-linux-gnueabi-objdump
ac_cv_prog_RANLIB=arm-none-linux-gnueabi-ranlib
ac_cv_prog_STRIP=arm-none-linux-gnueabi-strip
ac_cv_prog_ac_ct_MANIFEST_TOOL=mt
ac_cv_prog_cc_c89=
ac_cv_prog_cc_g=yes
ac_cv_prog_make_make_set=yes
ac_cv_sizeof_size_t=4
ac_cv_type_size_t=yes
ac_cv_type_unsigned_char=yes
ac_cv_type_unsigned_short=yes
am_cv_CCAS_dependencies_compiler_type=gcc3
am_cv_CC_dependencies_compiler_type=gcc3
am_cv_ar_interface=ar
am_cv_make_support_nested_variables=yes
am_cv_prog_cc_c_o=yes
ljt_cv_inline='inline __attribute__((always_inline))'
lt_cv_ar_at_file=@
lt_cv_archive_cmds_need_lc=no
lt_cv_deplibs_check_method=pass_all
lt_cv_file_magic_cmd='$MAGIC_CMD'
lt_cv_file_magic_test_file=
lt_cv_ld_reload_flag=-r
lt_cv_nm_interface='BSD nm'
lt_cv_objdir=.libs
lt_cv_path_LD=/opt/arm-2014.05/arm-none-linux-gnueabi/bin/ld
lt_cv_path_NM='/opt/arm-2014.05/bin/arm-none-linux-gnueabi-nm -B'
lt_cv_path_mainfest_tool=no
lt_cv_prog_compiler_c_o=yes
lt_cv_prog_compiler_pic='-fPIC -DPIC'
lt_cv_prog_compiler_pic_works=yes
lt_cv_prog_compiler_rtti_exceptions=no
lt_cv_prog_compiler_static_works=yes
lt_cv_prog_gnu_ld=yes
lt_cv_sharedlib_from_linklib_cmd='printf %s\n'
lt_cv_shlibpath_overrides_runpath=no
lt_cv_sys_global_symbol_pipe='sed -n -e '\''s/^.*[	 ]\([ABCDGIRSTW][ABCDGIRSTW]*\)[	 ][	 ]*\([_A-Za-z][_A-Za-z0-9]*\)$/\1 \2 \2/p'\'' | sed '\''/ __gnu_lto/d'\'''
lt_cv_sys_global_symbol_to_c_name_address='sed -n -e '\''s/^: \(.*\) .*$/  {"\1", (void *) 0},/p'\'' -e '\''s/^[ABCDGIRSTW][ABCDGIRSTW]* .* \(.*\)$/  {"\1", (void *) \&\1},/p'\'''
lt_cv_sys_global_symbol_to_c_name_address_lib_prefix='sed -n -e '\''s/^: \(.*\) .*$/  {"\1", (void *) 0},/p'\'' -e '\''s/^[ABCDGIRSTW][ABCDGIRSTW]* .* \(lib.*\)$/  {"\1", (void *) \&\1},/p'\'' -e '\''s/^[ABCDGIRSTW][ABCDGIRSTW]* .* \(.*\)$/  {"lib\1", (void *) \&\1},/p'\'''
lt_cv_sys_global_symbol_to_cdecl='sed -n -e '\''s/^T .* \(.*\)$/extern int \1();/p'\'' -e '\''s/^[ABCDGIRSTW][ABCDGIRSTW]* .* \(.*\)$/extern char \1;/p'\'''
lt_cv_sys_global_symbol_to_import=
lt_cv_sys_max_cmd_len=1572864
lt_cv_to_host_file_cmd=func_convert_file_noop
lt_cv_to_tool_file_cmd=func_convert_file_noop
lt_cv_truncate_bin='/bin/dd bs=4096 count=1'

## ----------------- ##
## Output variables. ##
## ----------------- ##

ACLOCAL='${SHELL} /home/jason/Desktop/board/tiny4412/driver/lcd/libjpeg-turbo-1.5.3/missing aclocal-1.15'
AMDEPBACKSLASH='\'
AMDEP_FALSE='#'
AMDEP_TRUE=''
AMTAR='$${TAR-tar}'
AM_BACKSLASH='\'
AM_DEFAULT_V='$(AM_DEFAULT_VERBOSITY)'
AM_DEFAULT_VERBOSITY='0'
AM_V='$(V)'
AR='arm-none-linux-gnueabi-ar'
AUTOCONF='${SHELL} /home/jason/Desktop/board/tiny4412/driver/lcd/libjpeg-turbo-1.5.3/missing autoconf'
AUTOHEADER='${SHELL} /home/jason/Desktop/board/tiny4412/driver/lcd/libjpeg-turbo-1.5.3/missing autoheader'
AUTOMAKE='${SHELL} /home/jason/Desktop/board/tiny4412/driver/lcd/libjpeg-turbo-1.5.3/missing automake-1.15'
AWK='gawk'
BUILD='20191017'
CC='arm-none-linux-gnueabi-gcc'
CCAS='arm-none-linux-gnueabi-gcc'
CCASDEPMODE='depmode=gcc3'
CCASFLAGS='-g -O2'
CCDEPMODE='depmode=gcc3'
CFLAGS='-O3'
CPP='arm-none-linux-gnueabi-gcc -E'
CPPFLAGS='-Wall'
CROSS_COMPILING_FALSE='#'
CROSS_COMPILING_TRUE=''
CYGPATH_W='echo'
DEBARCH='x86_64'
DEFS='-DHAVE_CONFIG_H'
DEPDIR='.deps'
DLLTOOL='false'
DSYMUTIL=''
DUMPBIN=''
ECHO_C=''
ECHO_N='-n'
ECHO_T=''
EGREP='/bin/grep -E'
EXEEXT=''
FGREP='/bin/grep -F'
GREP='/bin/grep'
INSTALL_DATA='${INSTALL} -m 644'
INSTALL_PROGRAM='${INSTALL}'
INSTALL_SCRIPT='${INSTALL}'
INSTALL_STRIP_PROGRAM='$(install_sh) -c -s'
JAR='jar'
JAVA='java'
JAVAC='javac'
JAVACFLAGS=' -J-Dfile.encoding=UTF8'
JAVA_RPM_CONTENTS_1=''
JAVA_RPM_CONTENTS_2=''
JNI_CFLAGS=''
JPEG_LIB_VERSION='62'
JPEG_LIB_VERSION_DECIMAL='6.2'
LD='/opt/arm-2014.05/arm-none-linux-gnueabi/bin/ld'
LDFLAGS=''
LIBOBJS=''
LIBS=''
LIBTOOL='$(SHELL) $(top_builddir)/libtool'
LIBTOOL_CURRENT='64'
LIPO=''
LN_S='ln -s'
LTLIBOBJS=''
LT_SYS_LIBRARY_PATH=''
MAKEINFO='${SHELL} /home/jason/Desktop/board/tiny4412/driver/lcd/libjpeg-turbo-1.5.3/missing makeinfo'
MANIFEST_TOOL=':'
MEM_SRCDST_FUNCTIONS='global:  jpeg_mem_dest;  jpeg_mem_src;'
MKDIR_P='/bin/mkdir -p'
NAFLAGS=''
NASM=''
NM='/opt/arm-2014.05/bin/arm-none-linux-gnueabi-nm -B'
NMEDIT=''
OBJDUMP='arm-none-linux-gnueabi-objdump'
OBJEXT='o'
OTOOL64=''
OTOOL=''
PACKAGE='libjpeg-turbo'
PACKAGE_BUGREPORT=''
PACKAGE_NAME='libjpeg-turbo'
PACKAGE_STRING='libjpeg-turbo 1.5.3'
PACKAGE_TARNAME='libjpeg-turbo'
PACKAGE_URL=''
PACKAGE_VERSION='1.5.3'
PATH_SEPARATOR=':'
PKGNAME='libjpeg-turbo'
RANLIB='arm-none-linux-gnueabi-ranlib'
RPMARCH='x86_64'
RPM_CONFIG_ARGS=''
SED='/bin/sed'
SET_MAKE=''
SHELL='/bin/bash'
SIMD_ARM_64_FALSE=''
SIMD_ARM_64_TRUE='#'
SIMD_ARM_FALSE='#'
SIMD_ARM_TRUE=''
SIMD_I386_FALSE=''
SIMD_I386_TRUE='#'
SIMD_MIPS_FALSE=''
SIMD_MIPS_TRUE='#'
SIMD_POWERPC_FALSE=''
SIMD_POWERPC_TRUE='#'
SIMD_X86_64_FALSE=''
SIMD_X86_64_TRUE='#'
SO_AGE='2'
SO_MAJOR_VERSION='62'
SO_MINOR_VERSION='0'
STRIP='arm-none-linux-gnueabi-strip'
VERSION='1.5.3'
VERSION_SCRIPT_FALSE='#'
VERSION_SCRIPT_FLAG='-Wl,--version-script,'
VERSION_SCRIPT_TRUE=''
WITH_12BIT_FALSE=''
WITH_12BIT_TRUE='#'
WITH_ARITH_DEC_FALSE='#'
WITH_ARITH_DEC_TRUE=''
WITH_ARITH_ENC_FALSE='#'
WITH_ARITH_ENC_TRUE=''
WITH_ARITH_FALSE='#'
WITH_ARITH_TRUE=''
WITH_JAVA='0'
WITH_JAVA_FALSE=''
WITH_JAVA_TRUE='#'
WITH_SIMD_FALSE='#'
WITH_SIMD_TRUE=''
WITH_SSE_FLOAT_DCT_FALSE=''
WITH_SSE_FLOAT_DCT_TRUE='#'
WITH_TURBOJPEG_FALSE='#'
WITH_TURBOJPEG_TRUE=''
X86_64_FALSE=''
X86_64_TRUE='#'
ac_ct_AR=''
ac_ct_CC=''
ac_ct_DUMPBIN=''
am__EXEEXT_FALSE=''
am__EXEEXT_TRUE='#'
am__fastdepCCAS_FALSE='#'
am__fastdepCCAS_TRUE=''
am__fastdepCC_FALSE='#'
am__fastdepCC_TRUE=''
am__include='include'
am__isrc=''
am__leading_dot='.'
am__nodep='_no'
am__quote=''
am__tar='$${TAR-tar} chof - "$$tardir"'
am__untar='$${TAR-tar} xf -'
bindir='${exec_prefix}/bin'
build='x86_64-unknown-linux-gnu'
build_alias=''
build_cpu='x86_64'
build_os='linux-gnu'
build_vendor='unknown'
datadir='${datarootdir}'
datarootdir='${prefix}/share'
docdir='${datarootdir}/doc/${PACKAGE_TARNAME}'
dvidir='${docdir}'
exec_prefix='${prefix}'
host='arm-none-linux-gnueabi'
host_alias='arm-none-linux-gnueabi'
host_cpu='arm'
host_os='linux-gnueabi'
host_vendor='none'
htmldir='${docdir}'
includedir='${prefix}/include'
infodir='${datarootdir}/info'
install_sh='${SHELL} /home/jason/Desktop/board/tiny4412/driver/lcd/libjpeg-turbo-1.5.3/install-sh'
libdir='${exec_prefix}/lib'
libexecdir='${exec_prefix}/libexec'
localedir='${datarootdir}/locale'
localstatedir='${prefix}/var'
mandir='${datarootdir}/man'
mkdir_p='$(MKDIR_P)'
oldincludedir='/usr/include'
pdfdir='${docdir}'
prefix='/home/jason/Desktop/board/tiny4412/driver/lcd/libjpeg-turbo-1.5.3/tmp'
program_transform_name='s,x,x,'
psdir='${docdir}'
sbindir='${exec_prefix}/sbin'
sharedstatedir='${prefix}/com'
sysconfdir='${prefix}/etc'
target_alias=''

## ----------- ##
## confdefs.h. ##
## ----------- ##

/* confdefs.h */
#define PACKAGE_NAME "libjpeg-turbo"
#define PACKAGE_TARNAME "libjpeg-turbo"
#define PACKAGE_VERSION "1.5.3"
#define PACKAGE_STRING "libjpeg-turbo 1.5.3"
#define PACKAGE_BUGREPORT ""
#define PACKAGE_URL ""
#define PACKAGE "libjpeg-turbo"
#define VERSION "1.5.3"
#define STDC_HEADERS 1
#define HAVE_SYS_TYPES_H 1
#define HAVE_SYS_STAT_H 1
#define HAVE_STDLIB_H 1
#define HAVE_STRING_H 1
#define HAVE_MEMORY_H 1
#define HAVE_STRINGS_H 1
#define HAVE_INTTYPES_H 1
#define HAVE_STDINT_H 1
#define HAVE_UNISTD_H 1
#define HAVE_DLFCN_H 1
#define LT_OBJDIR ".libs/"
#define SIZEOF_SIZE_T 4
#define STDC_HEADERS 1
#define HAVE_STDDEF_H 1
#define HAVE_STDLIB_H 1
#define HAVE_LOCALE_H 1
#define HAVE_STRING_H 1
#define NEED_SYS_TYPES_H 1
#define HAVE_UNSIGNED_CHAR 1
#define HAVE_UNSIGNED_SHORT 1
#define HAVE_MEMSET 1
#define HAVE_MEMCPY 1
#define JPEG_LIB_VERSION 62
#define MEM_SRCDST_SUPPORTED 1
#define LIBJPEG_TURBO_VERSION 1.5.3
#define LIBJPEG_TURBO_VERSION_NUMBER 1005003
#define INLINE inline __attribute__((always_inline))
#define C_ARITH_CODING_SUPPORTED 1
#define D_ARITH_CODING_SUPPORTED 1
#define WITH_SIMD 1
#define BUILD "20191017"

configure: exit 0
